<?xml version="1.0" encoding="UTF-8"?>
<!-- Generated by org.testng.reporters.JUnitReportReporter -->
<testsuite skipped="0" hostname="DESKTOP-8H6BFL0" name="com.tests.ThriveTest" tests="2" failures="0" timestamp="31 Aug 2021 07:46:08 GMT" time="31.944" errors="0">
  <testcase name="unsuccessful_Login" time="16.185" classname="com.tests.ThriveTest"/>
  <testcase name="successful_Login" time="15.759" classname="com.tests.ThriveTest"/>
</testsuite> <!-- com.tests.ThriveTest -->
